# JRE version: OpenJDK Runtime Environment (21.0.5+11) (build 21.0.5+11-Ubuntu-1ubuntu122.04)
# Java VM: OpenJDK 64-Bit Server VM (21.0.5+11-Ubuntu-1ubuntu122.04, mixed mode, sharing, tiered, compressed class ptrs, g1 gc, linux-amd64)
GC Precious Log:
 CardTable entry size: 512
 Card Set container configuration: InlinePtr #cards 3 size 8 Array Of Cards #cards 256 size 528 Howl #buckets 8 coarsen threshold 58982 Howl Bitmap #cards 8192 size 1040 coarsen threshold 7372 Card regions per heap region 1 cards per card region 65536
 CPUs: 8 total, 8 available
 Memory: 7410M
 Large Page Support: Disabled
 NUMA Support: Disabled
 Compressed Oops: Disabled
 Heap Region Size: 32M
 Heap Min Capacity: 32M
 Heap Initial Capacity: 128M
 Heap Max Capacity: 200000M
 Pre-touch: Disabled
 Parallel Workers: 8
 Concurrent Workers: 2
 Concurrent Refinement Workers: 8
 Periodic GC: Disabled
Heap:
 garbage-first heap   total 17891328K, used 2527002K [0x00007f5988000000, 0x00007f8a5c000000)
  region size 32768K, 4 young (131072K), 4 survivors (131072K)
 Metaspace       used 1888K, committed 1984K, reserved 1114112K
  class space    used 176K, committed 256K, reserved 1048576K
GC Heap History (20 events):
Event: 24.146 GC heap after
{Heap after GC invocations=27 (full 1):
 garbage-first heap   total 4849664K, used 1499037K [0x00007f5988000000, 0x00007f8a5c000000)
  region size 32768K, 3 young (98304K), 3 survivors (98304K)
 Metaspace       used 1888K, committed 1984K, reserved 1114112K
  class space    used 176K, committed 256K, reserved 1048576K
}
Event: 27.511 GC heap before
{Heap before GC invocations=27 (full 1):
 garbage-first heap   total 4849664K, used 4382621K [0x00007f5988000000, 0x00007f8a5c000000)
  region size 32768K, 82 young (2686976K), 3 survivors (98304K)
 Metaspace       used 1888K, committed 1984K, reserved 1114112K
  class space    used 176K, committed 256K, reserved 1048576K
}
Event: 27.777 GC heap after
{Heap after GC invocations=28 (full 1):
 garbage-first heap   total 4849664K, used 1915347K [0x00007f5988000000, 0x00007f8a5c000000)
  region size 32768K, 9 young (294912K), 9 survivors (294912K)
 Metaspace       used 1888K, committed 1984K, reserved 1114112K
  class space    used 176K, committed 256K, reserved 1048576K
}
Event: 29.177 GC heap before
{Heap before GC invocations=28 (full 1):
 garbage-first heap   total 4849664K, used 2570707K [0x00007f5988000000, 0x00007f8a5c000000)
  region size 32768K, 29 young (950272K), 9 survivors (294912K)
 Metaspace       used 1888K, committed 1984K, reserved 1114112K
  class space    used 176K, committed 256K, reserved 1048576K
}
Event: 29.412 GC heap after
{Heap after GC invocations=29 (full 1):
 garbage-first heap   total 8683520K, used 1976725K [0x00007f5988000000, 0x00007f8a5c000000)
  region size 32768K, 2 young (65536K), 2 survivors (65536K)
 Metaspace       used 1888K, committed 1984K, reserved 1114112K
  class space    used 176K, committed 256K, reserved 1048576K
}
Event: 51.503 GC heap before
{Heap before GC invocations=29 (full 1):
 garbage-first heap   total 8683520K, used 4106645K [0x00007f5988000000, 0x00007f8a5c000000)
  region size 32768K, 65 young (2129920K), 2 survivors (65536K)
 Metaspace       used 1888K, committed 1984K, reserved 1114112K
  class space    used 176K, committed 256K, reserved 1048576K
}
Event: 52.667 GC heap after
{Heap after GC invocations=30 (full 1):
 garbage-first heap   total 8683520K, used 2195509K [0x00007f5988000000, 0x00007f8a5c000000)
  region size 32768K, 7 young (229376K), 7 survivors (229376K)
 Metaspace       used 1888K, committed 1984K, reserved 1114112K
  class space    used 176K, committed 256K, reserved 1048576K
}
Event: 53.027 GC heap before
{Heap before GC invocations=30 (full 1):
 garbage-first heap   total 8683520K, used 2392117K [0x00007f5988000000, 0x00007f8a5c000000)
  region size 32768K, 13 young (425984K), 7 survivors (229376K)
 Metaspace       used 1888K, committed 1984K, reserved 1114112K
  class space    used 176K, committed 256K, reserved 1048576K
}
Event: 53.192 GC heap after
{Heap after GC invocations=31 (full 1):
 garbage-first heap   total 8683520K, used 2229337K [0x00007f5988000000, 0x00007f8a5c000000)
  region size 32768K, 1 young (32768K), 1 survivors (32768K)
 Metaspace       used 1888K, committed 1984K, reserved 1114112K
  class space    used 176K, committed 256K, reserved 1048576K
}
Event: 54.447 GC heap before
{Heap before GC invocations=31 (full 1):
 garbage-first heap   total 8683520K, used 2786393K [0x00007f5988000000, 0x00007f8a5c000000)
  region size 32768K, 18 young (589824K), 1 survivors (32768K)
 Metaspace       used 1888K, committed 1984K, reserved 1114112K
  class space    used 176K, committed 256K, reserved 1048576K
}
Event: 54.489 GC heap after
{Heap after GC invocations=32 (full 1):
 garbage-first heap   total 8683520K, used 2252410K [0x00007f5988000000, 0x00007f8a5c000000)
  region size 32768K, 2 young (65536K), 2 survivors (65536K)
 Metaspace       used 1888K, committed 1984K, reserved 1114112K
  class space    used 176K, committed 256K, reserved 1048576K
}
Event: 55.073 GC heap before
{Heap before GC invocations=32 (full 1):
 garbage-first heap   total 8683520K, used 2678394K [0x00007f5988000000, 0x00007f8a5c000000)
  region size 32768K, 15 young (491520K), 2 survivors (65536K)
 Metaspace       used 1888K, committed 1984K, reserved 1114112K
  class space    used 176K, committed 256K, reserved 1048576K
}
Event: 55.262 GC heap after
{Heap after GC invocations=33 (full 1):
 garbage-first heap   total 17891328K, used 2289702K [0x00007f5988000000, 0x00007f8a5c000000)
  region size 32768K, 2 young (65536K), 2 survivors (65536K)
 Metaspace       used 1888K, committed 1984K, reserved 1114112K
  class space    used 176K, committed 256K, reserved 1048576K
}
Event: 60.674 GC heap before
{Heap before GC invocations=33 (full 1):
 garbage-first heap   total 17891328K, used 3108902K [0x00007f5988000000, 0x00007f8a5c000000)
  region size 32768K, 27 young (884736K), 2 survivors (65536K)
 Metaspace       used 1888K, committed 1984K, reserved 1114112K
  class space    used 176K, committed 256K, reserved 1048576K
}
Event: 61.007 GC heap after
{Heap after GC invocations=34 (full 1):
 garbage-first heap   total 17891328K, used 2346653K [0x00007f5988000000, 0x00007f8a5c000000)
  region size 32768K, 3 young (98304K), 3 survivors (98304K)
 Metaspace       used 1888K, committed 1984K, reserved 1114112K
  class space    used 176K, committed 256K, reserved 1048576K
}
Event: 62.328 GC heap before
{Heap before GC invocations=34 (full 1):
 garbage-first heap   total 17891328K, used 3133085K [0x00007f5988000000, 0x00007f8a5c000000)
  region size 32768K, 27 young (884736K), 3 survivors (98304K)
 Metaspace       used 1888K, committed 1984K, reserved 1114112K
  class space    used 176K, committed 256K, reserved 1048576K
}
Event: 62.530 GC heap after
{Heap after GC invocations=35 (full 1):
 garbage-first heap   total 17891328K, used 2407274K [0x00007f5988000000, 0x00007f8a5c000000)
  region size 32768K, 4 young (131072K), 4 survivors (131072K)
 Metaspace       used 1888K, committed 1984K, reserved 1114112K
  class space    used 176K, committed 256K, reserved 1048576K
}
Event: 63.706 GC heap before
{Heap before GC invocations=35 (full 1):
 garbage-first heap   total 17891328K, used 3160938K [0x00007f5988000000, 0x00007f8a5c000000)
  region size 32768K, 27 young (884736K), 4 survivors (131072K)
 Metaspace       used 1888K, committed 1984K, reserved 1114112K
  class space    used 176K, committed 256K, reserved 1048576K
}
Event: 63.977 GC heap after
{Heap after GC invocations=36 (full 1):
 garbage-first heap   total 17891328K, used 2463391K [0x00007f5988000000, 0x00007f8a5c000000)
  region size 32768K, 4 young (131072K), 4 survivors (131072K)
 Metaspace       used 1888K, committed 1984K, reserved 1114112K
  class space    used 176K, committed 256K, reserved 1048576K
}
Event: 65.141 GC heap before
{Heap before GC invocations=36 (full 1):
 garbage-first heap   total 17891328K, used 3217055K [0x00007f5988000000, 0x00007f8a5c000000)
  region size 32768K, 27 young (884736K), 4 survivors (131072K)
 Metaspace       used 1888K, committed 1984K, reserved 1114112K
  class space    used 176K, committed 256K, reserved 1048576K
}

