# JRE version: OpenJDK Runtime Environment (21.0.6+7) (build 21.0.6+7-Ubuntu-122.04.1)
# Java VM: OpenJDK 64-Bit Server VM (21.0.6+7-Ubuntu-122.04.1, mixed mode, sharing, tiered, compressed class ptrs, g1 gc, linux-amd64)
GC Precious Log:
 CardTable entry size: 512
 Card Set container configuration: InlinePtr #cards 3 size 8 Array Of Cards #cards 256 size 528 Howl #buckets 8 coarsen threshold 58982 Howl Bitmap #cards 8192 size 1040 coarsen threshold 7372 Card regions per heap region 1 cards per card region 65536
 CPUs: 8 total, 8 available
 Memory: 7410M
 Large Page Support: Disabled
 NUMA Support: Disabled
 Compressed Oops: Disabled
 Heap Region Size: 32M
 Heap Min Capacity: 32M
 Heap Initial Capacity: 128M
 Heap Max Capacity: 200000M
 Pre-touch: Disabled
 Parallel Workers: 8
 Concurrent Workers: 2
 Concurrent Refinement Workers: 8
 Periodic GC: Disabled
Heap:
 garbage-first heap   total 9928704K, used 1344297K [0x00007f4b40000000, 0x00007f7c14000000)
  region size 32768K, 2 young (65536K), 2 survivors (65536K)
 Metaspace       used 1900K, committed 2048K, reserved 1114112K
  class space    used 176K, committed 256K, reserved 1048576K
GC Heap History (20 events):
Event: 13.025 GC heap after
{Heap after GC invocations=19 (full 1):
 garbage-first heap   total 2031616K, used 709135K [0x00007f4b40000000, 0x00007f7c14000000)
  region size 32768K, 2 young (65536K), 2 survivors (65536K)
 Metaspace       used 1900K, committed 2048K, reserved 1114112K
  class space    used 176K, committed 256K, reserved 1048576K
}
Event: 14.383 GC heap before
{Heap before GC invocations=19 (full 1):
 garbage-first heap   total 2031616K, used 1724943K [0x00007f4b40000000, 0x00007f7c14000000)
  region size 32768K, 33 young (1081344K), 2 survivors (65536K)
 Metaspace       used 1900K, committed 2048K, reserved 1114112K
  class space    used 176K, committed 256K, reserved 1048576K
}
Event: 14.482 GC heap after
{Heap after GC invocations=20 (full 1):
 garbage-first heap   total 2031616K, used 787711K [0x00007f4b40000000, 0x00007f7c14000000)
  region size 32768K, 5 young (163840K), 5 survivors (163840K)
 Metaspace       used 1900K, committed 2048K, reserved 1114112K
  class space    used 176K, committed 256K, reserved 1048576K
}
Event: 15.823 GC heap before
{Heap before GC invocations=20 (full 1):
 garbage-first heap   total 2031616K, used 1672447K [0x00007f4b40000000, 0x00007f7c14000000)
  region size 32768K, 32 young (1048576K), 5 survivors (163840K)
 Metaspace       used 1900K, committed 2048K, reserved 1114112K
  class space    used 176K, committed 256K, reserved 1048576K
}
Event: 15.978 GC heap after
{Heap after GC invocations=21 (full 1):
 garbage-first heap   total 3801088K, used 849009K [0x00007f4b40000000, 0x00007f7c14000000)
  region size 32768K, 3 young (98304K), 3 survivors (98304K)
 Metaspace       used 1900K, committed 2048K, reserved 1114112K
  class space    used 176K, committed 256K, reserved 1048576K
}
Event: 20.735 GC heap before
{Heap before GC invocations=21 (full 1):
 garbage-first heap   total 3801088K, used 2520177K [0x00007f4b40000000, 0x00007f7c14000000)
  region size 32768K, 45 young (1474560K), 3 survivors (98304K)
 Metaspace       used 1900K, committed 2048K, reserved 1114112K
  class space    used 176K, committed 256K, reserved 1048576K
}
Event: 21.574 GC heap after
{Heap after GC invocations=22 (full 1):
 garbage-first heap   total 3801088K, used 1182988K [0x00007f4b40000000, 0x00007f7c14000000)
  region size 32768K, 6 young (196608K), 6 survivors (196608K)
 Metaspace       used 1900K, committed 2048K, reserved 1114112K
  class space    used 176K, committed 256K, reserved 1048576K
}
Event: 22.627 GC heap before
{Heap before GC invocations=22 (full 1):
 garbage-first heap   total 3801088K, used 1215756K [0x00007f4b40000000, 0x00007f7c14000000)
  region size 32768K, 7 young (229376K), 6 survivors (196608K)
 Metaspace       used 1900K, committed 2048K, reserved 1114112K
  class space    used 176K, committed 256K, reserved 1048576K
}
Event: 23.961 GC heap after
{Heap after GC invocations=23 (full 1):
 garbage-first heap   total 3801088K, used 1204928K [0x00007f4b40000000, 0x00007f7c14000000)
  region size 32768K, 1 young (32768K), 1 survivors (32768K)
 Metaspace       used 1900K, committed 2048K, reserved 1114112K
  class space    used 176K, committed 256K, reserved 1048576K
}
Event: 24.506 GC heap before
{Heap before GC invocations=23 (full 1):
 garbage-first heap   total 3801088K, used 1401536K [0x00007f4b40000000, 0x00007f7c14000000)
  region size 32768K, 7 young (229376K), 1 survivors (32768K)
 Metaspace       used 1900K, committed 2048K, reserved 1114112K
  class space    used 176K, committed 256K, reserved 1048576K
}
Event: 24.542 GC heap after
{Heap after GC invocations=24 (full 1):
 garbage-first heap   total 3801088K, used 1198505K [0x00007f4b40000000, 0x00007f7c14000000)
  region size 32768K, 1 young (32768K), 1 survivors (32768K)
 Metaspace       used 1900K, committed 2048K, reserved 1114112K
  class space    used 176K, committed 256K, reserved 1048576K
}
Event: 25.158 GC heap before
{Heap before GC invocations=24 (full 1):
 garbage-first heap   total 3801088K, used 1493417K [0x00007f4b40000000, 0x00007f7c14000000)
  region size 32768K, 10 young (327680K), 1 survivors (32768K)
 Metaspace       used 1900K, committed 2048K, reserved 1114112K
  class space    used 176K, committed 256K, reserved 1048576K
}
Event: 25.218 GC heap after
{Heap after GC invocations=25 (full 1):
 garbage-first heap   total 9928704K, used 1216514K [0x00007f4b40000000, 0x00007f7c14000000)
  region size 32768K, 2 young (65536K), 2 survivors (65536K)
 Metaspace       used 1900K, committed 2048K, reserved 1114112K
  class space    used 176K, committed 256K, reserved 1048576K
}
Event: 26.797 GC heap before
{Heap before GC invocations=25 (full 1):
 garbage-first heap   total 9928704K, used 1642498K [0x00007f4b40000000, 0x00007f7c14000000)
  region size 32768K, 15 young (491520K), 2 survivors (65536K)
 Metaspace       used 1900K, committed 2048K, reserved 1114112K
  class space    used 176K, committed 256K, reserved 1048576K
}
Event: 27.157 GC heap after
{Heap after GC invocations=26 (full 1):
 garbage-first heap   total 9928704K, used 1251398K [0x00007f4b40000000, 0x00007f7c14000000)
  region size 32768K, 2 young (65536K), 2 survivors (65536K)
 Metaspace       used 1900K, committed 2048K, reserved 1114112K
  class space    used 176K, committed 256K, reserved 1048576K
}
Event: 29.591 GC heap before
{Heap before GC invocations=26 (full 1):
 garbage-first heap   total 9928704K, used 1677382K [0x00007f4b40000000, 0x00007f7c14000000)
  region size 32768K, 15 young (491520K), 2 survivors (65536K)
 Metaspace       used 1900K, committed 2048K, reserved 1114112K
  class space    used 176K, committed 256K, reserved 1048576K
}
Event: 29.690 GC heap after
{Heap after GC invocations=27 (full 1):
 garbage-first heap   total 9928704K, used 1279692K [0x00007f4b40000000, 0x00007f7c14000000)
  region size 32768K, 2 young (65536K), 2 survivors (65536K)
 Metaspace       used 1900K, committed 2048K, reserved 1114112K
  class space    used 176K, committed 256K, reserved 1048576K
}
Event: 30.436 GC heap before
{Heap before GC invocations=27 (full 1):
 garbage-first heap   total 9928704K, used 1705676K [0x00007f4b40000000, 0x00007f7c14000000)
  region size 32768K, 15 young (491520K), 2 survivors (65536K)
 Metaspace       used 1900K, committed 2048K, reserved 1114112K
  class space    used 176K, committed 256K, reserved 1048576K
}
Event: 30.591 GC heap after
{Heap after GC invocations=28 (full 1):
 garbage-first heap   total 9928704K, used 1311006K [0x00007f4b40000000, 0x00007f7c14000000)
  region size 32768K, 2 young (65536K), 2 survivors (65536K)
 Metaspace       used 1900K, committed 2048K, reserved 1114112K
  class space    used 176K, committed 256K, reserved 1048576K
}
Event: 31.472 GC heap before
{Heap before GC invocations=28 (full 1):
 garbage-first heap   total 9928704K, used 1736990K [0x00007f4b40000000, 0x00007f7c14000000)
  region size 32768K, 15 young (491520K), 2 survivors (65536K)
 Metaspace       used 1900K, committed 2048K, reserved 1114112K
  class space    used 176K, committed 256K, reserved 1048576K
}

