# JRE version: OpenJDK Runtime Environment (21.0.6+7) (build 21.0.6+7-Ubuntu-122.04.1)
# Java VM: OpenJDK 64-Bit Server VM (21.0.6+7-Ubuntu-122.04.1, mixed mode, sharing, tiered, compressed class ptrs, g1 gc, linux-amd64)
GC Precious Log:
 CardTable entry size: 512
 Card Set container configuration: InlinePtr #cards 3 size 8 Array Of Cards #cards 256 size 528 Howl #buckets 8 coarsen threshold 58982 Howl Bitmap #cards 8192 size 1040 coarsen threshold 7372 Card regions per heap region 1 cards per card region 65536
 CPUs: 8 total, 8 available
 Memory: 7410M
 Large Page Support: Disabled
 NUMA Support: Disabled
 Compressed Oops: Disabled
 Heap Region Size: 32M
 Heap Min Capacity: 32M
 Heap Initial Capacity: 128M
 Heap Max Capacity: 200000M
 Pre-touch: Disabled
 Parallel Workers: 8
 Concurrent Workers: 2
 Concurrent Refinement Workers: 8
 Periodic GC: Disabled
Heap:
 garbage-first heap   total 12386304K, used 1404941K [0x00007f25a4000000, 0x00007f5678000000)
  region size 32768K, 3 young (98304K), 3 survivors (98304K)
 Metaspace       used 1925K, committed 2048K, reserved 1114112K
  class space    used 177K, committed 256K, reserved 1048576K
GC Heap History (20 events):
Event: 32.818 GC heap after
{Heap after GC invocations=23 (full 1):
 garbage-first heap   total 3735552K, used 796346K [0x00007f25a4000000, 0x00007f5678000000)
  region size 32768K, 3 young (98304K), 3 survivors (98304K)
 Metaspace       used 1925K, committed 2048K, reserved 1114112K
  class space    used 177K, committed 256K, reserved 1048576K
}
Event: 33.478 GC heap before
{Heap before GC invocations=23 (full 1):
 garbage-first heap   total 3735552K, used 1025722K [0x00007f25a4000000, 0x00007f5678000000)
  region size 32768K, 10 young (327680K), 3 survivors (98304K)
 Metaspace       used 1925K, committed 2048K, reserved 1114112K
  class space    used 177K, committed 256K, reserved 1048576K
}
Event: 33.562 GC heap after
{Heap after GC invocations=24 (full 1):
 garbage-first heap   total 3735552K, used 814614K [0x00007f25a4000000, 0x00007f5678000000)
  region size 32768K, 1 young (32768K), 1 survivors (32768K)
 Metaspace       used 1925K, committed 2048K, reserved 1114112K
  class space    used 177K, committed 256K, reserved 1048576K
}
Event: 43.437 GC heap before
{Heap before GC invocations=24 (full 1):
 garbage-first heap   total 3735552K, used 1797654K [0x00007f25a4000000, 0x00007f5678000000)
  region size 32768K, 31 young (1015808K), 1 survivors (32768K)
 Metaspace       used 1925K, committed 2048K, reserved 1114112K
  class space    used 177K, committed 256K, reserved 1048576K
}
Event: 43.883 GC heap after
{Heap after GC invocations=25 (full 1):
 garbage-first heap   total 6258688K, used 881515K [0x00007f25a4000000, 0x00007f5678000000)
  region size 32768K, 3 young (98304K), 3 survivors (98304K)
 Metaspace       used 1925K, committed 2048K, reserved 1114112K
  class space    used 177K, committed 256K, reserved 1048576K
}
Event: 45.622 GC heap before
{Heap before GC invocations=25 (full 1):
 garbage-first heap   total 6258688K, used 1373035K [0x00007f25a4000000, 0x00007f5678000000)
  region size 32768K, 9 young (294912K), 3 survivors (98304K)
 Metaspace       used 1925K, committed 2048K, reserved 1114112K
  class space    used 177K, committed 256K, reserved 1048576K
}
Event: 45.751 GC heap after
{Heap after GC invocations=26 (full 1):
 garbage-first heap   total 6258688K, used 1136867K [0x00007f25a4000000, 0x00007f5678000000)
  region size 32768K, 1 young (32768K), 1 survivors (32768K)
 Metaspace       used 1925K, committed 2048K, reserved 1114112K
  class space    used 177K, committed 256K, reserved 1048576K
}
Event: 47.811 GC heap before
{Heap before GC invocations=26 (full 1):
 garbage-first heap   total 6258688K, used 1726691K [0x00007f25a4000000, 0x00007f5678000000)
  region size 32768K, 19 young (622592K), 1 survivors (32768K)
 Metaspace       used 1925K, committed 2048K, reserved 1114112K
  class space    used 177K, committed 256K, reserved 1048576K
}
Event: 47.981 GC heap after
{Heap after GC invocations=27 (full 1):
 garbage-first heap   total 6258688K, used 1175255K [0x00007f25a4000000, 0x00007f5678000000)
  region size 32768K, 3 young (98304K), 3 survivors (98304K)
 Metaspace       used 1925K, committed 2048K, reserved 1114112K
  class space    used 177K, committed 256K, reserved 1048576K
}
Event: 48.434 GC heap before
{Heap before GC invocations=27 (full 1):
 garbage-first heap   total 6258688K, used 1371863K [0x00007f25a4000000, 0x00007f5678000000)
  region size 32768K, 9 young (294912K), 3 survivors (98304K)
 Metaspace       used 1925K, committed 2048K, reserved 1114112K
  class space    used 177K, committed 256K, reserved 1048576K
}
Event: 48.515 GC heap after
{Heap after GC invocations=28 (full 1):
 garbage-first heap   total 6258688K, used 1188308K [0x00007f25a4000000, 0x00007f5678000000)
  region size 32768K, 1 young (32768K), 1 survivors (32768K)
 Metaspace       used 1925K, committed 2048K, reserved 1114112K
  class space    used 177K, committed 256K, reserved 1048576K
}
Event: 52.743 GC heap before
{Heap before GC invocations=28 (full 1):
 garbage-first heap   total 6258688K, used 2105812K [0x00007f25a4000000, 0x00007f5678000000)
  region size 32768K, 29 young (950272K), 1 survivors (32768K)
 Metaspace       used 1925K, committed 2048K, reserved 1114112K
  class space    used 177K, committed 256K, reserved 1048576K
}
Event: 53.081 GC heap after
{Heap after GC invocations=29 (full 1):
 garbage-first heap   total 12386304K, used 1252786K [0x00007f25a4000000, 0x00007f5678000000)
  region size 32768K, 3 young (98304K), 3 survivors (98304K)
 Metaspace       used 1925K, committed 2048K, reserved 1114112K
  class space    used 177K, committed 256K, reserved 1048576K
}
Event: 55.886 GC heap before
{Heap before GC invocations=29 (full 1):
 garbage-first heap   total 12386304K, used 1744306K [0x00007f25a4000000, 0x00007f5678000000)
  region size 32768K, 18 young (589824K), 3 survivors (98304K)
 Metaspace       used 1925K, committed 2048K, reserved 1114112K
  class space    used 177K, committed 256K, reserved 1048576K
}
Event: 56.087 GC heap after
{Heap after GC invocations=30 (full 1):
 garbage-first heap   total 12386304K, used 1293318K [0x00007f25a4000000, 0x00007f5678000000)
  region size 32768K, 2 young (65536K), 2 survivors (65536K)
 Metaspace       used 1925K, committed 2048K, reserved 1114112K
  class space    used 177K, committed 256K, reserved 1048576K
}
Event: 58.686 GC heap before
{Heap before GC invocations=30 (full 1):
 garbage-first heap   total 12386304K, used 1817606K [0x00007f25a4000000, 0x00007f5678000000)
  region size 32768K, 18 young (589824K), 2 survivors (65536K)
 Metaspace       used 1925K, committed 2048K, reserved 1114112K
  class space    used 177K, committed 256K, reserved 1048576K
}
Event: 58.826 GC heap after
{Heap after GC invocations=31 (full 1):
 garbage-first heap   total 12386304K, used 1323889K [0x00007f25a4000000, 0x00007f5678000000)
  region size 32768K, 3 young (98304K), 3 survivors (98304K)
 Metaspace       used 1925K, committed 2048K, reserved 1114112K
  class space    used 177K, committed 256K, reserved 1048576K
}
Event: 59.816 GC heap before
{Heap before GC invocations=31 (full 1):
 garbage-first heap   total 12386304K, used 1815409K [0x00007f25a4000000, 0x00007f5678000000)
  region size 32768K, 18 young (589824K), 3 survivors (98304K)
 Metaspace       used 1925K, committed 2048K, reserved 1114112K
  class space    used 177K, committed 256K, reserved 1048576K
}
Event: 59.942 GC heap after
{Heap after GC invocations=32 (full 1):
 garbage-first heap   total 12386304K, used 1365880K [0x00007f25a4000000, 0x00007f5678000000)
  region size 32768K, 3 young (98304K), 3 survivors (98304K)
 Metaspace       used 1925K, committed 2048K, reserved 1114112K
  class space    used 177K, committed 256K, reserved 1048576K
}
Event: 60.800 GC heap before
{Heap before GC invocations=32 (full 1):
 garbage-first heap   total 12386304K, used 1857400K [0x00007f25a4000000, 0x00007f5678000000)
  region size 32768K, 18 young (589824K), 3 survivors (98304K)
 Metaspace       used 1925K, committed 2048K, reserved 1114112K
  class space    used 177K, committed 256K, reserved 1048576K
}

